0 info it worked if it ends with ok
1 verbose cli [ 'D:\\Program Files\\nodejs\\node.exe',
1 verbose cli   'D:\\Program Files\\nodejs\\node_modules\\npm\\bin\\npm-cli.js',
1 verbose cli   'run',
1 verbose cli   'lite' ]
2 info using npm@3.10.10
3 info using node@v6.10.0
4 verbose run-script [ 'prelite', 'lite', 'postlite' ]
5 info lifecycle binding-sample@1.0.0~prelite: binding-sample@1.0.0
6 silly lifecycle binding-sample@1.0.0~prelite: no script for prelite, continuing
7 info lifecycle binding-sample@1.0.0~lite: binding-sample@1.0.0
8 verbose lifecycle binding-sample@1.0.0~lite: unsafe-perm in lifecycle true
9 verbose lifecycle binding-sample@1.0.0~lite: PATH: D:\Program Files\nodejs\node_modules\npm\bin\node-gyp-bin;D:\adminpdftool\node_modules\.bin;D:\Program Files\nodejs\node_modules\npm\bin\node-gyp-bin;D:\adminpdftool\node_modules\.bin;C:\Program Files\Broadcom\Broadcom 802.11 Network Adapter\Driver;C:\Windows\system32;C:\Windows;C:\Windows\System32\Wbem;C:\Windows\System32\WindowsPowerShell\v1.0\;C:\Program Files\Lenovo\Bluetooth Software\;C:\Program Files\Intel\OpenCL SDK\2.0\bin\x86;C:\Windows\system32\config\systemprofile\.dnx\bin;C:\Program Files\Microsoft DNX\Dnvm\;C:\Program Files\Microsoft SQL Server\Client SDK\ODBC\110\Tools\Binn\;C:\Program Files\Microsoft SQL Server\120\Tools\Binn\;C:\Program Files\Microsoft SQL Server\120\DTS\Binn\;C:\Program Files\Skype\Phone\;C:\Program Files\Microsoft SQL Server\120\Tools\Binn\ManagementStudio\;D:\Program Files\nodejs\;C:\Program Files\Git\cmd;;C:\Program Files\Microsoft VS Code\bin;C:\Users\Ко\AppData\Roaming\npm
10 verbose lifecycle binding-sample@1.0.0~lite: CWD: D:\adminpdftool
11 silly lifecycle binding-sample@1.0.0~lite: Args: [ '/d /s /c', 'lite-server' ]
12 silly lifecycle binding-sample@1.0.0~lite: Returned: code: 1  signal: null
13 info lifecycle binding-sample@1.0.0~lite: Failed to exec lite script
14 verbose stack Error: binding-sample@1.0.0 lite: `lite-server`
14 verbose stack Exit status 1
14 verbose stack     at EventEmitter.<anonymous> (D:\Program Files\nodejs\node_modules\npm\lib\utils\lifecycle.js:255:16)
14 verbose stack     at emitTwo (events.js:106:13)
14 verbose stack     at EventEmitter.emit (events.js:191:7)
14 verbose stack     at ChildProcess.<anonymous> (D:\Program Files\nodejs\node_modules\npm\lib\utils\spawn.js:40:14)
14 verbose stack     at emitTwo (events.js:106:13)
14 verbose stack     at ChildProcess.emit (events.js:191:7)
14 verbose stack     at maybeClose (internal/child_process.js:877:16)
14 verbose stack     at Process.ChildProcess._handle.onexit (internal/child_process.js:226:5)
15 verbose pkgid binding-sample@1.0.0
16 verbose cwd D:\adminpdftool
17 error Windows_NT 6.1.7601
18 error argv "D:\\Program Files\\nodejs\\node.exe" "D:\\Program Files\\nodejs\\node_modules\\npm\\bin\\npm-cli.js" "run" "lite"
19 error node v6.10.0
20 error npm  v3.10.10
21 error code ELIFECYCLE
22 error binding-sample@1.0.0 lite: `lite-server`
22 error Exit status 1
23 error Failed at the binding-sample@1.0.0 lite script 'lite-server'.
23 error Make sure you have the latest version of node.js and npm installed.
23 error If you do, this is most likely a problem with the binding-sample package,
23 error not with npm itself.
23 error Tell the author that this fails on your system:
23 error     lite-server
23 error You can get information on how to open an issue for this project with:
23 error     npm bugs binding-sample
23 error Or if that isn't available, you can get their info via:
23 error     npm owner ls binding-sample
23 error There is likely additional logging output above.
24 verbose exit [ 1, true ]
